<?xml version="1.0" encoding="UTF-8"?>
<robot generator="Robot 6.1 (Python 3.9.7 on win32)" generated="20230802 20:10:01.585" rpa="false" schemaversion="4">
<suite id="s1" name="Test Login Rf" source="C:\projects\Panelscout_robotframework\test_login_rf.robot">
<test id="s1-t1" name="Login to the system" line="27">
<kw name="Open login page">
<kw name="Open Browser" library="SeleniumLibrary">
<arg>${LOGIN URL}</arg>
<arg>${BROWSER}</arg>
<doc>Opens a new browser instance to the optional ``url``.</doc>
<msg timestamp="20230802 20:10:01.831" level="INFO">Opening browser 'Chrome' to base url 'https://dareit.futbolkolektyw.pl/en/login?redirected=true'.</msg>
<status status="PASS" starttime="20230802 20:10:01.831" endtime="20230802 20:10:04.255"/>
</kw>
<status status="PASS" starttime="20230802 20:10:01.831" endtime="20230802 20:10:04.255"/>
</kw>
<kw name="Type in email">
<kw name="Input Text" library="SeleniumLibrary">
<arg>${EMAILINPUT}</arg>
<arg>user07@getnada.com</arg>
<doc>Types the given ``text`` into the text field identified by ``locator``.</doc>
<msg timestamp="20230802 20:10:04.255" level="INFO">Typing text 'user07@getnada.com' into text field 'xpath=//*[@id='login']'.</msg>
<status status="PASS" starttime="20230802 20:10:04.255" endtime="20230802 20:10:04.443"/>
</kw>
<status status="PASS" starttime="20230802 20:10:04.255" endtime="20230802 20:10:04.443"/>
</kw>
<kw name="Type in password">
<kw name="Input Text" library="SeleniumLibrary">
<arg>${PASSWORDINPUT}</arg>
<arg>Test-1234</arg>
<doc>Types the given ``text`` into the text field identified by ``locator``.</doc>
<msg timestamp="20230802 20:10:04.443" level="INFO">Typing text 'Test-1234' into text field 'xpath=//*[@id='password']'.</msg>
<status status="PASS" starttime="20230802 20:10:04.443" endtime="20230802 20:10:04.575"/>
</kw>
<status status="PASS" starttime="20230802 20:10:04.443" endtime="20230802 20:10:04.575"/>
</kw>
<kw name="Click on the Sign in button">
<kw name="Click Element" library="SeleniumLibrary">
<arg>${SIGNINBUTTON}</arg>
<doc>Click the element identified by ``locator``.</doc>
<msg timestamp="20230802 20:10:04.575" level="INFO">Clicking element 'xpath=//*[text()='Sign in']'.</msg>
<status status="PASS" starttime="20230802 20:10:04.575" endtime="20230802 20:10:04.633"/>
</kw>
<status status="PASS" starttime="20230802 20:10:04.575" endtime="20230802 20:10:04.633"/>
</kw>
<kw name="Assert dashboard">
<kw name="Wait Until Element Is Visible" library="SeleniumLibrary">
<arg>${PAGELOGO}</arg>
<doc>Waits until the element ``locator`` is visible.</doc>
<status status="PASS" starttime="20230802 20:10:04.633" endtime="20230802 20:10:06.671"/>
</kw>
<kw name="Title Should Be" library="SeleniumLibrary">
<arg>Scouts panel</arg>
<doc>Verifies that the current page title equals ``title``.</doc>
<msg timestamp="20230802 20:10:06.822" level="INFO" html="true">&lt;/td&gt;&lt;/tr&gt;&lt;tr&gt;&lt;td colspan="3"&gt;&lt;a href="selenium-screenshot-49.png"&gt;&lt;img src="selenium-screenshot-49.png" width="800px"&gt;&lt;/a&gt;</msg>
<msg timestamp="20230802 20:10:06.822" level="FAIL">Title should have been 'Scouts panel' but was 'PANEL SKAUTINGOWY'.</msg>
<status status="FAIL" starttime="20230802 20:10:06.671" endtime="20230802 20:10:06.828"/>
</kw>
<kw name="Capture Page Screenshot" library="SeleniumLibrary">
<arg>alert.png</arg>
<doc>Takes a screenshot of the current page and embeds it into a log file.</doc>
<status status="NOT RUN" starttime="20230802 20:10:06.828" endtime="20230802 20:10:06.828"/>
</kw>
<status status="FAIL" starttime="20230802 20:10:04.633" endtime="20230802 20:10:06.828"/>
</kw>
<kw name="Click on the Sign out button">
<status status="NOT RUN" starttime="20230802 20:10:06.828" endtime="20230802 20:10:06.828"/>
</kw>
<kw name="Type in email">
<status status="NOT RUN" starttime="20230802 20:10:06.828" endtime="20230802 20:10:06.829"/>
</kw>
<kw name="Type in invalid password">
<status status="NOT RUN" starttime="20230802 20:10:06.829" endtime="20230802 20:10:06.829"/>
</kw>
<kw name="Click on the Sign in button">
<status status="NOT RUN" starttime="20230802 20:10:06.829" endtime="20230802 20:10:06.829"/>
</kw>
<kw name="Find validation text">
<status status="NOT RUN" starttime="20230802 20:10:06.829" endtime="20230802 20:10:06.829"/>
</kw>
<kw name="Close Browser" library="SeleniumLibrary" type="TEARDOWN">
<doc>Closes the current browser.</doc>
<status status="PASS" starttime="20230802 20:10:06.830" endtime="20230802 20:10:08.974"/>
</kw>
<status status="FAIL" starttime="20230802 20:10:01.816" endtime="20230802 20:10:08.974">Title should have been 'Scouts panel' but was 'PANEL SKAUTINGOWY'.</status>
</test>
<test id="s1-t2" name="Add a player" line="41">
<kw name="Open login page">
<kw name="Open Browser" library="SeleniumLibrary">
<arg>${LOGIN URL}</arg>
<arg>${BROWSER}</arg>
<doc>Opens a new browser instance to the optional ``url``.</doc>
<msg timestamp="20230802 20:10:08.977" level="INFO">Opening browser 'Chrome' to base url 'https://dareit.futbolkolektyw.pl/en/login?redirected=true'.</msg>
<status status="PASS" starttime="20230802 20:10:08.977" endtime="20230802 20:10:11.090"/>
</kw>
<status status="PASS" starttime="20230802 20:10:08.976" endtime="20230802 20:10:11.090"/>
</kw>
<kw name="Type in email">
<kw name="Input Text" library="SeleniumLibrary">
<arg>${EMAILINPUT}</arg>
<arg>user07@getnada.com</arg>
<doc>Types the given ``text`` into the text field identified by ``locator``.</doc>
<msg timestamp="20230802 20:10:11.093" level="INFO">Typing text 'user07@getnada.com' into text field 'xpath=//*[@id='login']'.</msg>
<status status="PASS" starttime="20230802 20:10:11.091" endtime="20230802 20:10:11.334"/>
</kw>
<status status="PASS" starttime="20230802 20:10:11.091" endtime="20230802 20:10:11.334"/>
</kw>
<kw name="Type in password">
<kw name="Input Text" library="SeleniumLibrary">
<arg>${PASSWORDINPUT}</arg>
<arg>Test-1234</arg>
<doc>Types the given ``text`` into the text field identified by ``locator``.</doc>
<msg timestamp="20230802 20:10:11.337" level="INFO">Typing text 'Test-1234' into text field 'xpath=//*[@id='password']'.</msg>
<status status="PASS" starttime="20230802 20:10:11.336" endtime="20230802 20:10:11.473"/>
</kw>
<status status="PASS" starttime="20230802 20:10:11.335" endtime="20230802 20:10:11.474"/>
</kw>
<kw name="Click on the Sign in button">
<kw name="Click Element" library="SeleniumLibrary">
<arg>${SIGNINBUTTON}</arg>
<doc>Click the element identified by ``locator``.</doc>
<msg timestamp="20230802 20:10:11.475" level="INFO">Clicking element 'xpath=//*[text()='Sign in']'.</msg>
<status status="PASS" starttime="20230802 20:10:11.475" endtime="20230802 20:10:11.538"/>
</kw>
<status status="PASS" starttime="20230802 20:10:11.475" endtime="20230802 20:10:11.538"/>
</kw>
<kw name="Click on the Add player button">
<kw name="Wait Until Element Is Visible" library="SeleniumLibrary">
<arg>${ADDPLAYERBUTTON}</arg>
<doc>Waits until the element ``locator`` is visible.</doc>
<status status="PASS" starttime="20230802 20:10:11.539" endtime="20230802 20:10:13.562"/>
</kw>
<kw name="Click Element" library="SeleniumLibrary">
<arg>${ADDPLAYERBUTTON}</arg>
<doc>Click the element identified by ``locator``.</doc>
<msg timestamp="20230802 20:10:13.564" level="INFO">Clicking element 'xpath=//*[text()='Add player']'.</msg>
<status status="PASS" starttime="20230802 20:10:13.563" endtime="20230802 20:10:13.625"/>
</kw>
<status status="PASS" starttime="20230802 20:10:11.539" endtime="20230802 20:10:13.625"/>
</kw>
<kw name="Type in name">
<kw name="Wait Until Element Is Visible" library="SeleniumLibrary">
<arg>${NAMEINPUT}</arg>
<doc>Waits until the element ``locator`` is visible.</doc>
<status status="PASS" starttime="20230802 20:10:13.626" endtime="20230802 20:10:13.886"/>
</kw>
<kw name="Input Text" library="SeleniumLibrary">
<arg>${NAMEINPUT}</arg>
<arg>Edward</arg>
<doc>Types the given ``text`` into the text field identified by ``locator``.</doc>
<msg timestamp="20230802 20:10:13.887" level="INFO">Typing text 'Edward' into text field 'xpath=/html/body/div/div[1]/main/div[2]/form/div[2]/div/div[2]/div/div/input'.</msg>
<status status="PASS" starttime="20230802 20:10:13.886" endtime="20230802 20:10:14.021"/>
</kw>
<status status="PASS" starttime="20230802 20:10:13.626" endtime="20230802 20:10:14.022"/>
</kw>
<kw name="Type in surname">
<kw name="Input Text" library="SeleniumLibrary">
<arg>${SURNAMEINPUT}</arg>
<arg>Ziemba</arg>
<doc>Types the given ``text`` into the text field identified by ``locator``.</doc>
<msg timestamp="20230802 20:10:14.023" level="INFO">Typing text 'Ziemba' into text field 'xpath=/html/body/div/div[1]/main/div[2]/form/div[2]/div/div[3]/div/div/input'.</msg>
<status status="PASS" starttime="20230802 20:10:14.023" endtime="20230802 20:10:14.153"/>
</kw>
<status status="PASS" starttime="20230802 20:10:14.022" endtime="20230802 20:10:14.153"/>
</kw>
<kw name="Type in age">
<kw name="Input Text" library="SeleniumLibrary">
<arg>${AGEINPUT}</arg>
<arg>25.12.1995</arg>
<doc>Types the given ``text`` into the text field identified by ``locator``.</doc>
<msg timestamp="20230802 20:10:14.154" level="INFO">Typing text '25.12.1995' into text field 'xpath=/html/body/div/div[1]/main/div[2]/form/div[2]/div/div[7]/div/div/input'.</msg>
<status status="PASS" starttime="20230802 20:10:14.154" endtime="20230802 20:10:14.263"/>
</kw>
<status status="PASS" starttime="20230802 20:10:14.154" endtime="20230802 20:10:14.263"/>
</kw>
<kw name="Type in main position">
<kw name="Input Text" library="SeleniumLibrary">
<arg>${MAINPOSITIONINPUT}</arg>
<arg>Goalkeeper</arg>
<doc>Types the given ``text`` into the text field identified by ``locator``.</doc>
<msg timestamp="20230802 20:10:14.263" level="INFO">Typing text 'Goalkeeper' into text field 'xpath=/html/body/div/div[1]/main/div[2]/form/div[2]/div/div[11]/div/div/input'.</msg>
<status status="PASS" starttime="20230802 20:10:14.263" endtime="20230802 20:10:14.398"/>
</kw>
<status status="PASS" starttime="20230802 20:10:14.263" endtime="20230802 20:10:14.398"/>
</kw>
<kw name="Click on the Submit player button">
<kw name="Click Element" library="SeleniumLibrary">
<arg>${SUBMITPLAYERBUTTON}</arg>
<doc>Click the element identified by ``locator``.</doc>
<msg timestamp="20230802 20:10:14.398" level="INFO">Clicking element 'xpath=//*[text()='Submit']'.</msg>
<status status="PASS" starttime="20230802 20:10:14.398" endtime="20230802 20:10:14.485"/>
</kw>
<status status="PASS" starttime="20230802 20:10:14.398" endtime="20230802 20:10:14.485"/>
</kw>
<kw name="Assert add player">
<kw name="Title Should Be" library="SeleniumLibrary">
<arg>Add player</arg>
<doc>Verifies that the current page title equals ``title``.</doc>
<msg timestamp="20230802 20:10:14.485" level="INFO">Page title is 'Add player'.</msg>
<status status="PASS" starttime="20230802 20:10:14.485" endtime="20230802 20:10:14.485"/>
</kw>
<status status="PASS" starttime="20230802 20:10:14.485" endtime="20230802 20:10:14.485"/>
</kw>
<kw name="Close Browser" library="SeleniumLibrary" type="TEARDOWN">
<doc>Closes the current browser.</doc>
<status status="PASS" starttime="20230802 20:10:14.485" endtime="20230802 20:10:16.629"/>
</kw>
<status status="PASS" starttime="20230802 20:10:08.975" endtime="20230802 20:10:16.629"/>
</test>
<test id="s1-t3" name="Change language" line="55">
<kw name="Open login page">
<kw name="Open Browser" library="SeleniumLibrary">
<arg>${LOGIN URL}</arg>
<arg>${BROWSER}</arg>
<doc>Opens a new browser instance to the optional ``url``.</doc>
<msg timestamp="20230802 20:10:16.629" level="INFO">Opening browser 'Chrome' to base url 'https://dareit.futbolkolektyw.pl/en/login?redirected=true'.</msg>
<status status="PASS" starttime="20230802 20:10:16.629" endtime="20230802 20:10:18.698"/>
</kw>
<status status="PASS" starttime="20230802 20:10:16.629" endtime="20230802 20:10:18.698"/>
</kw>
<kw name="Click on the Language button">
<kw name="Click Element" library="SeleniumLibrary">
<arg>${CHANGELANGUAGEBUTTON}</arg>
<doc>Click the element identified by ``locator``.</doc>
<msg timestamp="20230802 20:10:18.698" level="INFO">Clicking element 'xpath=/html/body/div/form/div/div[2]/div/div'.</msg>
<status status="PASS" starttime="20230802 20:10:18.698" endtime="20230802 20:10:18.780"/>
</kw>
<status status="PASS" starttime="20230802 20:10:18.698" endtime="20230802 20:10:18.780"/>
</kw>
<kw name="Click on the Polski button">
<kw name="Click Element" library="SeleniumLibrary">
<arg>${POLSKIBUTTON}</arg>
<doc>Click the element identified by ``locator``.</doc>
<msg timestamp="20230802 20:10:18.780" level="INFO">Clicking element 'xpath=/html/body/div[2]/div[3]/ul/li[1]'.</msg>
<status status="PASS" starttime="20230802 20:10:18.780" endtime="20230802 20:10:18.863"/>
</kw>
<status status="PASS" starttime="20230802 20:10:18.780" endtime="20230802 20:10:18.863"/>
</kw>
<kw name="Assert Zaloguj button">
<kw name="Wait Until Element Is Visible" library="SeleniumLibrary">
<arg>${ZALOGUJBUTTON}</arg>
<doc>Waits until the element ``locator`` is visible.</doc>
<status status="PASS" starttime="20230802 20:10:18.864" endtime="20230802 20:10:18.897"/>
</kw>
<kw name="Capture Element Screenshot" library="SeleniumLibrary">
<arg>${ZALOGUJBUTTON}</arg>
<arg>zaloguj.png</arg>
<doc>Captures a screenshot from the element identified by ``locator`` and embeds it into log file.</doc>
<msg timestamp="20230802 20:10:19.034" level="INFO" html="true">&lt;/td&gt;&lt;/tr&gt;&lt;tr&gt;&lt;td colspan="3"&gt;&lt;a href="zaloguj.png"&gt;&lt;img src="zaloguj.png" width="400px"&gt;&lt;/a&gt;</msg>
<status status="PASS" starttime="20230802 20:10:18.897" endtime="20230802 20:10:19.035"/>
</kw>
<status status="PASS" starttime="20230802 20:10:18.864" endtime="20230802 20:10:19.035"/>
</kw>
<kw name="Close Browser" library="SeleniumLibrary" type="TEARDOWN">
<doc>Closes the current browser.</doc>
<status status="PASS" starttime="20230802 20:10:19.036" endtime="20230802 20:10:21.175"/>
</kw>
<status status="PASS" starttime="20230802 20:10:16.629" endtime="20230802 20:10:21.175"/>
</test>
<test id="s1-t4" name="Players page" line="62">
<kw name="Open login page">
<kw name="Open Browser" library="SeleniumLibrary">
<arg>${LOGIN URL}</arg>
<arg>${BROWSER}</arg>
<doc>Opens a new browser instance to the optional ``url``.</doc>
<msg timestamp="20230802 20:10:21.175" level="INFO">Opening browser 'Chrome' to base url 'https://dareit.futbolkolektyw.pl/en/login?redirected=true'.</msg>
<status status="PASS" starttime="20230802 20:10:21.175" endtime="20230802 20:10:23.643"/>
</kw>
<status status="PASS" starttime="20230802 20:10:21.175" endtime="20230802 20:10:23.644"/>
</kw>
<kw name="Type in email">
<kw name="Input Text" library="SeleniumLibrary">
<arg>${EMAILINPUT}</arg>
<arg>user07@getnada.com</arg>
<doc>Types the given ``text`` into the text field identified by ``locator``.</doc>
<msg timestamp="20230802 20:10:23.646" level="INFO">Typing text 'user07@getnada.com' into text field 'xpath=//*[@id='login']'.</msg>
<status status="PASS" starttime="20230802 20:10:23.646" endtime="20230802 20:10:23.875"/>
</kw>
<status status="PASS" starttime="20230802 20:10:23.645" endtime="20230802 20:10:23.875"/>
</kw>
<kw name="Type in password">
<kw name="Input Text" library="SeleniumLibrary">
<arg>${PASSWORDINPUT}</arg>
<arg>Test-1234</arg>
<doc>Types the given ``text`` into the text field identified by ``locator``.</doc>
<msg timestamp="20230802 20:10:23.875" level="INFO">Typing text 'Test-1234' into text field 'xpath=//*[@id='password']'.</msg>
<status status="PASS" starttime="20230802 20:10:23.875" endtime="20230802 20:10:23.999"/>
</kw>
<status status="PASS" starttime="20230802 20:10:23.875" endtime="20230802 20:10:23.999"/>
</kw>
<kw name="Click on the Sign in button">
<kw name="Click Element" library="SeleniumLibrary">
<arg>${SIGNINBUTTON}</arg>
<doc>Click the element identified by ``locator``.</doc>
<msg timestamp="20230802 20:10:24.001" level="INFO">Clicking element 'xpath=//*[text()='Sign in']'.</msg>
<status status="PASS" starttime="20230802 20:10:24.000" endtime="20230802 20:10:24.063"/>
</kw>
<status status="PASS" starttime="20230802 20:10:24.000" endtime="20230802 20:10:24.063"/>
</kw>
<kw name="Click on the Players button">
<kw name="Wait Until Element Is Visible" library="SeleniumLibrary">
<arg>${PLAYERSBUTTON}</arg>
<doc>Waits until the element ``locator`` is visible.</doc>
<status status="PASS" starttime="20230802 20:10:24.064" endtime="20230802 20:10:26.155"/>
</kw>
<kw name="Click Element" library="SeleniumLibrary">
<arg>${PLAYERSBUTTON}</arg>
<doc>Click the element identified by ``locator``.</doc>
<msg timestamp="20230802 20:10:26.155" level="INFO">Clicking element 'xpath=//*[text()='Players']'.</msg>
<status status="PASS" starttime="20230802 20:10:26.155" endtime="20230802 20:10:26.242"/>
</kw>
<status status="PASS" starttime="20230802 20:10:24.063" endtime="20230802 20:10:26.242"/>
</kw>
<kw name="Assert players page">
<kw name="Wait Until Element Is Visible" library="SeleniumLibrary">
<arg>${SEARCHBAR}</arg>
<doc>Waits until the element ``locator`` is visible.</doc>
<status status="PASS" starttime="20230802 20:10:26.242" endtime="20230802 20:10:28.933"/>
</kw>
<kw name="Title Should Be" library="SeleniumLibrary">
<arg>Players (4576) page 1</arg>
<doc>Verifies that the current page title equals ``title``.</doc>
<msg timestamp="20230802 20:10:28.939" level="INFO">Page title is 'Players (4576) page 1'.</msg>
<status status="PASS" starttime="20230802 20:10:28.933" endtime="20230802 20:10:28.939"/>
</kw>
<status status="PASS" starttime="20230802 20:10:26.242" endtime="20230802 20:10:28.939"/>
</kw>
<kw name="Click on the Sign out button">
<kw name="Click Element" library="SeleniumLibrary">
<arg>${SIGNOUTBUTTON}</arg>
<doc>Click the element identified by ``locator``.</doc>
<msg timestamp="20230802 20:10:28.940" level="INFO">Clicking element 'xpath=//*[text()='Sign out']'.</msg>
<msg timestamp="20230802 20:10:29.062" level="INFO" html="true">&lt;/td&gt;&lt;/tr&gt;&lt;tr&gt;&lt;td colspan="3"&gt;&lt;a href="selenium-screenshot-50.png"&gt;&lt;img src="selenium-screenshot-50.png" width="800px"&gt;&lt;/a&gt;</msg>
<msg timestamp="20230802 20:10:29.062" level="FAIL">Element with locator 'xpath=//*[text()='Sign out']' not found.</msg>
<status status="FAIL" starttime="20230802 20:10:28.940" endtime="20230802 20:10:29.062"/>
</kw>
<status status="FAIL" starttime="20230802 20:10:28.939" endtime="20230802 20:10:29.062"/>
</kw>
<kw name="Close Browser" library="SeleniumLibrary" type="TEARDOWN">
<doc>Closes the current browser.</doc>
<status status="PASS" starttime="20230802 20:10:29.062" endtime="20230802 20:10:31.233"/>
</kw>
<status status="FAIL" starttime="20230802 20:10:21.175" endtime="20230802 20:10:31.233">Element with locator 'xpath=//*[text()='Sign out']' not found.</status>
</test>
<doc>Suite description #automated tests for scout website</doc>
<status status="FAIL" starttime="20230802 20:10:01.585" endtime="20230802 20:10:31.236"/>
</suite>
<statistics>
<total>
<stat pass="2" fail="2" skip="0">All Tests</stat>
</total>
<tag>
</tag>
<suite>
<stat pass="2" fail="2" skip="0" id="s1" name="Test Login Rf">Test Login Rf</stat>
</suite>
</statistics>
<errors>
</errors>
</robot>
