<?xml version="1.0" encoding="UTF-8"?>
<robot generator="Robot 6.1 (Python 3.9.7 on win32)" generated="20230726 22:12:34.695" rpa="false" schemaversion="4">
<suite id="s1" name="Panelscout robotframework" source="C:\projects\Panelscout_robotframework">
<suite id="s1-s1" name="Test Login Rf" source="C:\projects\Panelscout_robotframework\test_login_rf.robot">
<test id="s1-s1-t1" name="Players page" line="62">
<kw name="Open login page">
<kw name="Open Browser" library="SeleniumLibrary">
<arg>${LOGIN URL}</arg>
<arg>${BROWSER}</arg>
<doc>Opens a new browser instance to the optional ``url``.</doc>
<msg timestamp="20230726 22:12:34.953" level="INFO">Opening browser 'Chrome' to base url 'https://scouts-test.futbolkolektyw.pl/en'.</msg>
<status status="PASS" starttime="20230726 22:12:34.953" endtime="20230726 22:12:37.132"/>
</kw>
<kw name="Title Should Be" library="SeleniumLibrary">
<arg>Scouts panel - sign in</arg>
<doc>Verifies that the current page title equals ``title``.</doc>
<msg timestamp="20230726 22:12:37.139" level="INFO">Page title is 'Scouts panel - sign in'.</msg>
<status status="PASS" starttime="20230726 22:12:37.132" endtime="20230726 22:12:37.139"/>
</kw>
<status status="PASS" starttime="20230726 22:12:34.949" endtime="20230726 22:12:37.139"/>
</kw>
<kw name="Type in email">
<kw name="Input Text" library="SeleniumLibrary">
<arg>${EMAILINPUT}</arg>
<arg>user07@getnada.com</arg>
<doc>Types the given ``text`` into the text field identified by ``locator``.</doc>
<msg timestamp="20230726 22:12:37.141" level="INFO">Typing text 'user07@getnada.com' into text field 'xpath=//*[@id='login']'.</msg>
<status status="PASS" starttime="20230726 22:12:37.140" endtime="20230726 22:12:37.315"/>
</kw>
<status status="PASS" starttime="20230726 22:12:37.140" endtime="20230726 22:12:37.315"/>
</kw>
<kw name="Type in password">
<kw name="Input Text" library="SeleniumLibrary">
<arg>${PASSWORDINPUT}</arg>
<arg>Test-1234</arg>
<doc>Types the given ``text`` into the text field identified by ``locator``.</doc>
<msg timestamp="20230726 22:12:37.315" level="INFO">Typing text 'Test-1234' into text field 'xpath=//*[@id='password']'.</msg>
<status status="PASS" starttime="20230726 22:12:37.315" endtime="20230726 22:12:37.431"/>
</kw>
<status status="PASS" starttime="20230726 22:12:37.315" endtime="20230726 22:12:37.431"/>
</kw>
<kw name="Click on the Sign in button">
<kw name="Click Element" library="SeleniumLibrary">
<arg>${SIGNINBUTTON}</arg>
<doc>Click the element identified by ``locator``.</doc>
<msg timestamp="20230726 22:12:37.431" level="INFO">Clicking element 'xpath=//*[text()='Sign in']'.</msg>
<status status="PASS" starttime="20230726 22:12:37.431" endtime="20230726 22:12:37.490"/>
</kw>
<status status="PASS" starttime="20230726 22:12:37.431" endtime="20230726 22:12:37.490"/>
</kw>
<kw name="Click on the Players button">
<kw name="Wait Until Element Is Visible" library="SeleniumLibrary">
<arg>${PLAYERSBUTTON}</arg>
<doc>Waits until the element ``locator`` is visible.</doc>
<status status="PASS" starttime="20230726 22:12:37.490" endtime="20230726 22:12:39.808"/>
</kw>
<kw name="Click Element" library="SeleniumLibrary">
<arg>${PLAYERSBUTTON}</arg>
<doc>Click the element identified by ``locator``.</doc>
<msg timestamp="20230726 22:12:39.809" level="INFO">Clicking element 'xpath=//*[text()='Players']'.</msg>
<status status="PASS" starttime="20230726 22:12:39.808" endtime="20230726 22:12:39.865"/>
</kw>
<status status="PASS" starttime="20230726 22:12:37.490" endtime="20230726 22:12:39.866"/>
</kw>
<kw name="Assert players page">
<kw name="Wait Until Element Is Visible" library="SeleniumLibrary">
<arg>${SEARCHBAR}</arg>
<doc>Waits until the element ``locator`` is visible.</doc>
<status status="PASS" starttime="20230726 22:12:39.867" endtime="20230726 22:12:40.787"/>
</kw>
<kw name="Title Should Be" library="SeleniumLibrary">
<arg>Players (4392) page 1</arg>
<doc>Verifies that the current page title equals ``title``.</doc>
<msg timestamp="20230726 22:12:40.791" level="INFO">Page title is 'Players (4392) page 1'.</msg>
<status status="PASS" starttime="20230726 22:12:40.787" endtime="20230726 22:12:40.791"/>
</kw>
<status status="PASS" starttime="20230726 22:12:39.866" endtime="20230726 22:12:40.791"/>
</kw>
<kw name="Click on the Sign out button">
<kw name="Click Element" library="SeleniumLibrary">
<arg>${SIGNOUTBUTTON}</arg>
<doc>Click the element identified by ``locator``.</doc>
<msg timestamp="20230726 22:12:40.793" level="INFO">Clicking element 'xpath=//*[text()='Sign out']'.</msg>
<status status="PASS" starttime="20230726 22:12:40.792" endtime="20230726 22:12:40.874"/>
</kw>
<status status="PASS" starttime="20230726 22:12:40.792" endtime="20230726 22:12:40.874"/>
</kw>
<kw name="Close Browser" library="SeleniumLibrary" type="TEARDOWN">
<doc>Closes the current browser.</doc>
<status status="PASS" starttime="20230726 22:12:40.875" endtime="20230726 22:12:43.033"/>
</kw>
<status status="PASS" starttime="20230726 22:12:34.949" endtime="20230726 22:12:43.035"/>
</test>
<doc>Suite description #automated tests for scout website</doc>
<status status="PASS" starttime="20230726 22:12:34.722" endtime="20230726 22:12:43.040"/>
</suite>
<status status="PASS" starttime="20230726 22:12:34.698" endtime="20230726 22:12:43.045"/>
</suite>
<statistics>
<total>
<stat pass="1" fail="0" skip="0">All Tests</stat>
</total>
<tag>
</tag>
<suite>
<stat pass="1" fail="0" skip="0" id="s1" name="Panelscout robotframework">Panelscout robotframework</stat>
<stat pass="1" fail="0" skip="0" id="s1-s1" name="Test Login Rf">Panelscout robotframework.Test Login Rf</stat>
</suite>
</statistics>
<errors>
</errors>
</robot>
